ip-10-128-212-18.ec2.internal
*** Reading remote log from Cloudwatch log_group: airflow-ta-individual-findw-mdl-airflow-Task log_stream: dag_id=TA-INDIVIDUAL-FINDW-MDL-FINANCECW-GEAC-MAIN-DAILY/run_id=manual__2025-12-08T09:46:49+00:00/task_id=findw_general_ledger_line_item.currentbatch_geac_general_ledger_line_item/attempt=1.log.
[2025-12-08T10:11:39.694+0000] {local_task_job.py:123} INFO - ::group::Pre task execution logs
[2025-12-08T10:11:39.698+0000] {taskinstance.py:2613} INFO - Dependencies all met for dep_context=non-requeueable deps ti=<TaskInstance: TA-INDIVIDUAL-FINDW-MDL-FINANCECW-GEAC-MAIN-DAILY.findw_general_ledger_line_item.currentbatch_geac_general_ledger_line_item manual__2025-12-08T09:46:49+00:00 [queued]>
[2025-12-08T10:11:39.699+0000] {taskinstance.py:2866} INFO - Dependencies all met for dep_context=requeueable deps ti=<TaskInstance: TA-INDIVIDUAL-FINDW-MDL-FINANCECW-GEAC-MAIN-DAILY.findw_general_ledger_line_item.currentbatch_geac_general_ledger_line_item manual__2025-12-08T09:46:49+00:00 [queued]>
[2025-12-08T10:11:39.700+0000] {taskinstance.py:1528} INFO - 
--------------------------------------------------------------------------------
[2025-12-08T10:11:39.700+0000] {taskinstance.py:1529} INFO - Executing <Task(PythonOperator): findw_general_ledger_line_item.currentbatch_geac_general_ledger_line_item> on 2025-12-08 09:46:49+00:00
[2025-12-08T10:11:39.998+0000] {taskinstance.py:1717} INFO - Started process 13226 to run task
[2025-12-08T10:11:40.394+0000] {standard_task_runner.py:104} INFO - Running: ['airflow', 'tasks', 'run', 'TA-INDIVIDUAL-FINDW-MDL-FINANCECW-GEAC-MAIN-DAILY', 'findw_general_ledger_line_item.currentbatch_geac_general_ledger_line_item', 'manual__2025-12-08T09:46:49+00:00', '--job-id', '654399', '--raw', '--subdir', 'DAGS_FOLDER/finance/financedw/erpdw/geac_main_load.py', '--cfg-path', '/tmp/tmpcs_koglrs']
[2025-12-08T10:11:40.398+0000] {standard_task_runner.py:105} INFO - Job 654399: Subtask findw_general_ledger_line_item.currentbatch_geac_general_ledger_line_item
[2025-12-08T10:11:40.942+0000] {task_command.py:467} INFO - Running <TaskInstance: TA-INDIVIDUAL-FINDW-MDL-FINANCECW-GEAC-MAIN-DAILY.findw_general_ledger_line_item.currentbatch_geac_general_ledger_line_item manual__2025-12-08T09:46:49+00:00 [running]> on host ip-10-128-212-18.ec2.internal
[2025-12-08T10:11:40.944+0000] {taskinstance.py:3132} INFO - Exporting env vars: AIRFLOW_CTX_DAG_EMAIL='tatchatedataengineering-dwdev@transamerica.com' AIRFLOW_CTX_DAG_OWNER='airflow' AIRFLOW_CTX_DAG_ID='TA-INDIVIDUAL-FINDW-MDL-FINANCECW-GEAC-MAIN-DAILY' AIRFLOW_CTX_TASK_ID='findw_general_ledger_line_item.currentbatch_geac_general_ledger_line_item' AIRFLOW_CTX_EXECUTION_DATE='2025-12-08T09:46:49+00:00' AIRFLOW_CTX_TRY_NUMBER='1' AIRFLOW_CTX_DAG_RUN_ID='manual__2025-12-08T09:46:49+00:00'
[2025-12-08T10:11:40.945+0000] {taskinstance.py:1336} INFO - ::endgroup::
[2025-12-08T10:11:40.948+0000] {logging_mixin.py:190} INFO - ****************secret string name: ta-individual-findw-mdl-common ****************
[2025-12-08T10:11:40.949+0000] {logging_mixin.py:190} INFO - *****User svcttfmdawssnowmodel established Connection to Redshift database findw***********
[2025-12-08T10:11:40.949+0000] {logging_mixin.py:190} INFO - Looking in args for source_system
[2025-12-08T10:11:40.949+0000] {logging_mixin.py:190} INFO - Looking in args for domain
[2025-12-08T10:11:40.949+0000] {logging_mixin.py:190} INFO - Looking in args for batch_frequency
[2025-12-08T10:11:40.949+0000] {logging_mixin.py:190} INFO - Looking in Xcom for batch_frequency
[2025-12-08T10:11:40.949+0000] {logging_mixin.py:190} INFO - Looking in args for hop_name
[2025-12-08T10:11:40.949+0000] {logging_mixin.py:190} INFO - Looking in Xcom for hop_name
[2025-12-08T10:11:40.949+0000] {logging_mixin.py:190} INFO - ***************Calling stored procedure: call financedorchestration.sp_load_current_batch('geac', 'general_ledger_line_item', 'DAILY') ***************
[2025-12-08T10:11:40.949+0000] {logging_mixin.py:190} INFO - *************** call financedorchestration.sp_load_current_batch('geac', 'general_ledger_line_item', 'DAILY') executed successfully***************
[2025-12-08T10:11:40.949+0000] {logging_mixin.py:190} INFO - ***************The following exception occurred when fetching the results: ***************
[2025-12-08T10:11:40.949+0000] {logging_mixin.py:190} INFO -         - the last operation didn't produce records (command status: CALL)
[2025-12-08T10:11:40.949+0000] {logging_mixin.py:190} INFO - ***************Closing the connection***************
[2025-12-08T10:11:46.226+0000] {python.py:240} INFO - Done. Returned value was: None
[2025-12-08T10:11:46.447+0000] {taskinstance.py:352} INFO - ::group::Post task execution logs
[2025-12-08T10:11:46.447+0000] {taskinstance.py:1446} INFO - Marking task as SUCCESS. dag_id=TA-INDIVIDUAL-FINDW-MDL-FINANCECW-GEAC-MAIN-DAILY, task_id=findw_general_ledger_line_item.currentbatch_geac_general_ledger_line_item, run_id=manual__2025-12-08T09:46:49+00:00, execution_date=2025-12-08T09:46:49+00:00, start_date=2025-12-08T10:11:39, end_date=2025-12-08T10:11:46
[2025-12-08T10:11:46.447+0000] {local_task_job_runner.py:266} INFO - Task exited with return code 0